<?xml version="1.0" encoding="UTF-8"?>
<coverage generated="1594687125992" clover="3.2.0">
  <project timestamp="1594687125993" name="All files">
    <metrics statements="79" coveredstatements="66" conditionals="23" coveredconditionals="14" methods="23" coveredmethods="17" elements="125" coveredelements="97" complexity="0" loc="79" ncloc="79" packages="4" files="9" classes="9"/>
    <package name="components">
      <metrics statements="25" coveredstatements="22" conditionals="4" coveredconditionals="2" methods="10" coveredmethods="8"/>
      <file name="Card.js" path="/home/administrator/Documentos/Projetos/ReactNativeProjects/z-test/zTechTest/src/components/Card.js">
        <metrics statements="18" coveredstatements="15" conditionals="4" coveredconditionals="2" methods="7" coveredmethods="6"/>
        <line num="14" count="2" type="stmt"/>
        <line num="15" count="4" type="stmt"/>
        <line num="16" count="4" type="stmt"/>
        <line num="17" count="4" type="stmt"/>
        <line num="24" count="0" type="stmt"/>
        <line num="29" count="4" type="stmt"/>
        <line num="30" count="4" type="stmt"/>
        <line num="32" count="4" type="stmt"/>
        <line num="33" count="1" type="stmt"/>
        <line num="34" count="1" type="stmt"/>
        <line num="37" count="4" type="stmt"/>
        <line num="38" count="1" type="cond" truecount="1" falsecount="1"/>
        <line num="39" count="0" type="stmt"/>
        <line num="40" count="0" type="stmt"/>
        <line num="44" count="4" type="stmt"/>
        <line num="54" count="1" type="stmt"/>
        <line num="61" count="1" type="stmt"/>
        <line num="72" count="2" type="stmt"/>
      </file>
      <file name="Footer.js" path="/home/administrator/Documentos/Projetos/ReactNativeProjects/z-test/zTechTest/src/components/Footer.js">
        <metrics statements="4" coveredstatements="4" conditionals="0" coveredconditionals="0" methods="2" coveredmethods="1"/>
        <line num="6" count="2" type="stmt"/>
        <line num="7" count="2" type="stmt"/>
        <line num="8" count="2" type="stmt"/>
        <line num="17" count="2" type="stmt"/>
      </file>
      <file name="Header.js" path="/home/administrator/Documentos/Projetos/ReactNativeProjects/z-test/zTechTest/src/components/Header.js">
        <metrics statements="3" coveredstatements="3" conditionals="0" coveredconditionals="0" methods="1" coveredmethods="1"/>
        <line num="4" count="3" type="stmt"/>
        <line num="5" count="3" type="stmt"/>
        <line num="14" count="3" type="stmt"/>
      </file>
    </package>
    <package name="redux">
      <metrics statements="12" coveredstatements="12" conditionals="5" coveredconditionals="4" methods="4" coveredmethods="4"/>
      <file name="actions.js" path="/home/administrator/Documentos/Projetos/ReactNativeProjects/z-test/zTechTest/src/redux/actions.js">
        <metrics statements="6" coveredstatements="6" conditionals="0" coveredconditionals="0" methods="3" coveredmethods="3"/>
        <line num="1" count="5" type="stmt"/>
        <line num="2" count="5" type="stmt"/>
        <line num="3" count="5" type="stmt"/>
        <line num="6" count="2" type="stmt"/>
        <line num="13" count="1" type="stmt"/>
        <line num="20" count="1" type="stmt"/>
      </file>
      <file name="reducers.js" path="/home/administrator/Documentos/Projetos/ReactNativeProjects/z-test/zTechTest/src/redux/reducers.js">
        <metrics statements="6" coveredstatements="6" conditionals="5" coveredconditionals="4" methods="1" coveredmethods="1"/>
        <line num="3" count="1" type="cond" truecount="0" falsecount="1"/>
        <line num="4" count="4" type="cond" truecount="4" falsecount="0"/>
        <line num="6" count="1" type="stmt"/>
        <line num="9" count="1" type="stmt"/>
        <line num="12" count="1" type="stmt"/>
        <line num="15" count="1" type="stmt"/>
      </file>
    </package>
    <package name="scenes">
      <metrics statements="28" coveredstatements="18" conditionals="10" coveredconditionals="4" methods="7" coveredmethods="3"/>
      <file name="HomeScreen.js" path="/home/administrator/Documentos/Projetos/ReactNativeProjects/z-test/zTechTest/src/scenes/HomeScreen.js">
        <metrics statements="16" coveredstatements="8" conditionals="6" coveredconditionals="2" methods="5" coveredmethods="1"/>
        <line num="18" count="1" type="stmt"/>
        <line num="31" count="1" type="stmt"/>
        <line num="32" count="1" type="stmt"/>
        <line num="33" count="1" type="stmt"/>
        <line num="34" count="1" type="stmt"/>
        <line num="37" count="0" type="cond" truecount="0" falsecount="2"/>
        <line num="38" count="0" type="stmt"/>
        <line num="39" count="0" type="stmt"/>
        <line num="49" count="0" type="stmt"/>
        <line num="53" count="1" type="cond" truecount="1" falsecount="1"/>
        <line num="54" count="0" type="stmt"/>
        <line num="55" count="0" type="stmt"/>
        <line num="58" count="1" type="stmt"/>
        <line num="67" count="0" type="stmt"/>
        <line num="71" count="0" type="stmt"/>
        <line num="86" count="1" type="stmt"/>
      </file>
      <file name="ProductsListScreen.js" path="/home/administrator/Documentos/Projetos/ReactNativeProjects/z-test/zTechTest/src/scenes/ProductsListScreen.js">
        <metrics statements="12" coveredstatements="10" conditionals="4" coveredconditionals="2" methods="2" coveredmethods="2"/>
        <line num="9" count="1" type="stmt"/>
        <line num="27" count="1" type="stmt"/>
        <line num="28" count="1" type="stmt"/>
        <line num="30" count="1" type="stmt"/>
        <line num="36" count="1" type="stmt"/>
        <line num="40" count="1" type="cond" truecount="1" falsecount="1"/>
        <line num="41" count="0" type="stmt"/>
        <line num="43" count="1" type="cond" truecount="1" falsecount="1"/>
        <line num="44" count="0" type="stmt"/>
        <line num="47" count="1" type="stmt"/>
        <line num="55" count="1" type="stmt"/>
        <line num="65" count="1" type="stmt"/>
      </file>
    </package>
    <package name="utils">
      <metrics statements="14" coveredstatements="14" conditionals="4" coveredconditionals="4" methods="2" coveredmethods="2"/>
      <file name="helper.js" path="/home/administrator/Documentos/Projetos/ReactNativeProjects/z-test/zTechTest/src/utils/helper.js">
        <metrics statements="5" coveredstatements="5" conditionals="2" coveredconditionals="2" methods="1" coveredmethods="1"/>
        <line num="2" count="8" type="cond" truecount="2" falsecount="0"/>
        <line num="3" count="5" type="stmt"/>
        <line num="4" count="5" type="stmt"/>
        <line num="5" count="5" type="stmt"/>
        <line num="7" count="3" type="stmt"/>
      </file>
      <file name="maps-service.js" path="/home/administrator/Documentos/Projetos/ReactNativeProjects/z-test/zTechTest/src/utils/maps-service.js">
        <metrics statements="9" coveredstatements="9" conditionals="2" coveredconditionals="2" methods="1" coveredmethods="1"/>
        <line num="1" count="2" type="stmt"/>
        <line num="2" count="2" type="stmt"/>
        <line num="4" count="2" type="stmt"/>
        <line num="5" count="2" type="cond" truecount="2" falsecount="0"/>
        <line num="6" count="1" type="stmt"/>
        <line num="7" count="1" type="stmt"/>
        <line num="8" count="1" type="stmt"/>
        <line num="9" count="1" type="stmt"/>
        <line num="11" count="1" type="stmt"/>
      </file>
    </package>
  </project>
</coverage>
