{"/home/administrator/Documentos/Projetos/ReactNativeProjects/z-test/zTechTest/src/components/Card.js": {"path":"/home/administrator/Documentos/Projetos/ReactNativeProjects/z-test/zTechTest/src/components/Card.js","statementMap":{"0":{"start":{"line":14,"column":13},"end":{"line":68,"column":1}},"1":{"start":{"line":15,"column":20},"end":{"line":28,"column":3}},"2":{"start":{"line":16,"column":26},"end":{"line":16,"column":41}},"3":{"start":{"line":17,"column":4},"end":{"line":27,"column":6}},"4":{"start":{"line":24,"column":23},"end":{"line":24,"column":35}},"5":{"start":{"line":29,"column":19},"end":{"line":29,"column":32}},"6":{"start":{"line":30,"column":24},"end":{"line":30,"column":35}},"7":{"start":{"line":32,"column":18},"end":{"line":35,"column":3}},"8":{"start":{"line":33,"column":4},"end":{"line":33,"column":25}},"9":{"start":{"line":34,"column":4},"end":{"line":34,"column":20}},"10":{"start":{"line":37,"column":21},"end":{"line":42,"column":3}},"11":{"start":{"line":38,"column":4},"end":{"line":41,"column":5}},"12":{"start":{"line":39,"column":6},"end":{"line":39,"column":30}},"13":{"start":{"line":40,"column":6},"end":{"line":40,"column":22}},"14":{"start":{"line":44,"column":2},"end":{"line":67,"column":4}},"15":{"start":{"line":54,"column":25},"end":{"line":54,"column":75}},"16":{"start":{"line":61,"column":25},"end":{"line":61,"column":72}},"17":{"start":{"line":72,"column":15},"end":{"line":120,"column":2}}},"fnMap":{"0":{"name":"(anonymous_0)","decl":{"start":{"line":14,"column":13},"end":{"line":14,"column":14}},"loc":{"start":{"line":14,"column":24},"end":{"line":68,"column":1}},"line":14},"1":{"name":"(anonymous_1)","decl":{"start":{"line":15,"column":20},"end":{"line":15,"column":21}},"loc":{"start":{"line":15,"column":31},"end":{"line":28,"column":3}},"line":15},"2":{"name":"(anonymous_2)","decl":{"start":{"line":24,"column":17},"end":{"line":24,"column":18}},"loc":{"start":{"line":24,"column":23},"end":{"line":24,"column":35}},"line":24},"3":{"name":"(anonymous_3)","decl":{"start":{"line":32,"column":18},"end":{"line":32,"column":19}},"loc":{"start":{"line":32,"column":29},"end":{"line":35,"column":3}},"line":32},"4":{"name":"(anonymous_4)","decl":{"start":{"line":37,"column":21},"end":{"line":37,"column":22}},"loc":{"start":{"line":37,"column":32},"end":{"line":42,"column":3}},"line":37},"5":{"name":"(anonymous_5)","decl":{"start":{"line":54,"column":19},"end":{"line":54,"column":20}},"loc":{"start":{"line":54,"column":25},"end":{"line":54,"column":75}},"line":54},"6":{"name":"(anonymous_6)","decl":{"start":{"line":61,"column":19},"end":{"line":61,"column":20}},"loc":{"start":{"line":61,"column":25},"end":{"line":61,"column":72}},"line":61}},"branchMap":{"0":{"loc":{"start":{"line":20,"column":15},"end":{"line":22,"column":23}},"type":"cond-expr","locations":[{"start":{"line":21,"column":14},"end":{"line":21,"column":117}},{"start":{"line":22,"column":14},"end":{"line":22,"column":23}}],"line":20},"1":{"loc":{"start":{"line":38,"column":4},"end":{"line":41,"column":5}},"type":"if","locations":[{"start":{"line":38,"column":4},"end":{"line":41,"column":5}},{"start":{"line":38,"column":4},"end":{"line":41,"column":5}}],"line":38}},"s":{"0":2,"1":4,"2":4,"3":4,"4":0,"5":4,"6":4,"7":4,"8":1,"9":1,"10":4,"11":1,"12":0,"13":0,"14":4,"15":1,"16":1,"17":2},"f":{"0":4,"1":4,"2":0,"3":1,"4":1,"5":1,"6":1},"b":{"0":[0,4],"1":[0,1]},"_coverageSchema":"1a1c01bbd47fc00a2c39e90264f33305004495a9","hash":"bb53b669cd7c52e704a2c01b2f63b055e45a1cd2"}
,"/home/administrator/Documentos/Projetos/ReactNativeProjects/z-test/zTechTest/src/components/Footer.js": {"path":"/home/administrator/Documentos/Projetos/ReactNativeProjects/z-test/zTechTest/src/components/Footer.js","statementMap":{"0":{"start":{"line":6,"column":15},"end":{"line":13,"column":1}},"1":{"start":{"line":7,"column":17},"end":{"line":7,"column":46}},"2":{"start":{"line":7,"column":40},"end":{"line":7,"column":45}},"3":{"start":{"line":8,"column":2},"end":{"line":12,"column":4}},"4":{"start":{"line":17,"column":15},"end":{"line":31,"column":2}}},"fnMap":{"0":{"name":"(anonymous_0)","decl":{"start":{"line":6,"column":15},"end":{"line":6,"column":16}},"loc":{"start":{"line":6,"column":21},"end":{"line":13,"column":1}},"line":6},"1":{"name":"(anonymous_1)","decl":{"start":{"line":7,"column":29},"end":{"line":7,"column":30}},"loc":{"start":{"line":7,"column":40},"end":{"line":7,"column":45}},"line":7}},"branchMap":{},"s":{"0":2,"1":2,"2":0,"3":2,"4":2},"f":{"0":2,"1":0},"b":{},"_coverageSchema":"1a1c01bbd47fc00a2c39e90264f33305004495a9","hash":"f9799e194b51d85704228b3fbc2e674a0fd23379"}
,"/home/administrator/Documentos/Projetos/ReactNativeProjects/z-test/zTechTest/src/components/Header.js": {"path":"/home/administrator/Documentos/Projetos/ReactNativeProjects/z-test/zTechTest/src/components/Header.js","statementMap":{"0":{"start":{"line":4,"column":15},"end":{"line":10,"column":1}},"1":{"start":{"line":5,"column":2},"end":{"line":9,"column":4}},"2":{"start":{"line":14,"column":15},"end":{"line":27,"column":2}}},"fnMap":{"0":{"name":"(anonymous_0)","decl":{"start":{"line":4,"column":15},"end":{"line":4,"column":16}},"loc":{"start":{"line":4,"column":21},"end":{"line":10,"column":1}},"line":4}},"branchMap":{},"s":{"0":3,"1":3,"2":3},"f":{"0":3},"b":{},"_coverageSchema":"1a1c01bbd47fc00a2c39e90264f33305004495a9","hash":"120cd64f0a9be33fab9b0c5e1a22a8ec059b3a61"}
,"/home/administrator/Documentos/Projetos/ReactNativeProjects/z-test/zTechTest/src/redux/actions.js": {"path":"/home/administrator/Documentos/Projetos/ReactNativeProjects/z-test/zTechTest/src/redux/actions.js","statementMap":{"0":{"start":{"line":1,"column":25},"end":{"line":1,"column":36}},"1":{"start":{"line":2,"column":25},"end":{"line":2,"column":36}},"2":{"start":{"line":3,"column":27},"end":{"line":3,"column":40}},"3":{"start":{"line":6,"column":2},"end":{"line":9,"column":4}},"4":{"start":{"line":13,"column":2},"end":{"line":16,"column":4}},"5":{"start":{"line":20,"column":2},"end":{"line":22,"column":3}}},"fnMap":{"0":{"name":"add","decl":{"start":{"line":5,"column":16},"end":{"line":5,"column":19}},"loc":{"start":{"line":5,"column":27},"end":{"line":10,"column":1}},"line":5},"1":{"name":"remove","decl":{"start":{"line":12,"column":16},"end":{"line":12,"column":22}},"loc":{"start":{"line":12,"column":30},"end":{"line":17,"column":1}},"line":12},"2":{"name":"cleanStore","decl":{"start":{"line":19,"column":16},"end":{"line":19,"column":26}},"loc":{"start":{"line":19,"column":28},"end":{"line":23,"column":1}},"line":19}},"branchMap":{},"s":{"0":5,"1":5,"2":5,"3":2,"4":1,"5":1},"f":{"0":2,"1":1,"2":1},"b":{},"_coverageSchema":"1a1c01bbd47fc00a2c39e90264f33305004495a9","hash":"f79c6ea548e51920f3e6cd4e080ae4cb3ba56e6a"}
,"/home/administrator/Documentos/Projetos/ReactNativeProjects/z-test/zTechTest/src/redux/reducers.js": {"path":"/home/administrator/Documentos/Projetos/ReactNativeProjects/z-test/zTechTest/src/redux/reducers.js","statementMap":{"0":{"start":{"line":3,"column":22},"end":{"line":17,"column":1}},"1":{"start":{"line":4,"column":2},"end":{"line":16,"column":3}},"2":{"start":{"line":6,"column":6},"end":{"line":6,"column":36}},"3":{"start":{"line":9,"column":6},"end":{"line":9,"column":36}},"4":{"start":{"line":12,"column":6},"end":{"line":12,"column":27}},"5":{"start":{"line":15,"column":6},"end":{"line":15,"column":19}}},"fnMap":{"0":{"name":"(anonymous_0)","decl":{"start":{"line":3,"column":22},"end":{"line":3,"column":23}},"loc":{"start":{"line":3,"column":45},"end":{"line":17,"column":1}},"line":3}},"branchMap":{"0":{"loc":{"start":{"line":3,"column":23},"end":{"line":3,"column":32}},"type":"default-arg","locations":[{"start":{"line":3,"column":31},"end":{"line":3,"column":32}}],"line":3},"1":{"loc":{"start":{"line":4,"column":2},"end":{"line":16,"column":3}},"type":"switch","locations":[{"start":{"line":5,"column":4},"end":{"line":6,"column":36}},{"start":{"line":8,"column":4},"end":{"line":9,"column":36}},{"start":{"line":11,"column":4},"end":{"line":12,"column":27}},{"start":{"line":14,"column":4},"end":{"line":15,"column":19}}],"line":4}},"s":{"0":1,"1":4,"2":1,"3":1,"4":1,"5":1},"f":{"0":4},"b":{"0":[0],"1":[1,1,1,1]},"_coverageSchema":"1a1c01bbd47fc00a2c39e90264f33305004495a9","hash":"61ef238afa8450cf9e8884468904af17ff56128d"}
,"/home/administrator/Documentos/Projetos/ReactNativeProjects/z-test/zTechTest/src/scenes/HomeScreen.js": {"path":"/home/administrator/Documentos/Projetos/ReactNativeProjects/z-test/zTechTest/src/scenes/HomeScreen.js","statementMap":{"0":{"start":{"line":18,"column":19},"end":{"line":29,"column":1}},"1":{"start":{"line":31,"column":19},"end":{"line":83,"column":1}},"2":{"start":{"line":32,"column":32},"end":{"line":32,"column":44}},"3":{"start":{"line":33,"column":49},"end":{"line":33,"column":73}},"4":{"start":{"line":34,"column":19},"end":{"line":34,"column":32}},"5":{"start":{"line":37,"column":4},"end":{"line":50,"column":5}},"6":{"start":{"line":38,"column":6},"end":{"line":47,"column":9}},"7":{"start":{"line":39,"column":8},"end":{"line":46,"column":11}},"8":{"start":{"line":49,"column":6},"end":{"line":49,"column":75}},"9":{"start":{"line":53,"column":2},"end":{"line":56,"column":3}},"10":{"start":{"line":54,"column":4},"end":{"line":54,"column":27}},"11":{"start":{"line":55,"column":4},"end":{"line":55,"column":66}},"12":{"start":{"line":58,"column":2},"end":{"line":82,"column":4}},"13":{"start":{"line":67,"column":34},"end":{"line":67,"column":50}},"14":{"start":{"line":71,"column":25},"end":{"line":71,"column":39}},"15":{"start":{"line":86,"column":15},"end":{"line":130,"column":2}}},"fnMap":{"0":{"name":"(anonymous_0)","decl":{"start":{"line":31,"column":19},"end":{"line":31,"column":20}},"loc":{"start":{"line":31,"column":39},"end":{"line":83,"column":1}},"line":31},"1":{"name":"handleSearch","decl":{"start":{"line":36,"column":11},"end":{"line":36,"column":23}},"loc":{"start":{"line":36,"column":26},"end":{"line":51,"column":3}},"line":36},"2":{"name":"(anonymous_2)","decl":{"start":{"line":38,"column":32},"end":{"line":38,"column":33}},"loc":{"start":{"line":38,"column":41},"end":{"line":47,"column":7}},"line":38},"3":{"name":"(anonymous_3)","decl":{"start":{"line":67,"column":24},"end":{"line":67,"column":25}},"loc":{"start":{"line":67,"column":34},"end":{"line":67,"column":50}},"line":67},"4":{"name":"(anonymous_4)","decl":{"start":{"line":71,"column":19},"end":{"line":71,"column":20}},"loc":{"start":{"line":71,"column":25},"end":{"line":71,"column":39}},"line":71}},"branchMap":{"0":{"loc":{"start":{"line":37,"column":4},"end":{"line":50,"column":5}},"type":"if","locations":[{"start":{"line":37,"column":4},"end":{"line":50,"column":5}},{"start":{"line":37,"column":4},"end":{"line":50,"column":5}}],"line":37},"1":{"loc":{"start":{"line":53,"column":2},"end":{"line":56,"column":3}},"type":"if","locations":[{"start":{"line":53,"column":2},"end":{"line":56,"column":3}},{"start":{"line":53,"column":2},"end":{"line":56,"column":3}}],"line":53},"2":{"loc":{"start":{"line":74,"column":11},"end":{"line":78,"column":11}},"type":"cond-expr","locations":[{"start":{"line":75,"column":12},"end":{"line":75,"column":59}},{"start":{"line":77,"column":12},"end":{"line":77,"column":57}}],"line":74}},"s":{"0":1,"1":1,"2":1,"3":1,"4":1,"5":0,"6":0,"7":0,"8":0,"9":1,"10":0,"11":0,"12":1,"13":0,"14":0,"15":1},"f":{"0":1,"1":0,"2":0,"3":0,"4":0},"b":{"0":[0,0],"1":[0,1],"2":[0,1]},"_coverageSchema":"1a1c01bbd47fc00a2c39e90264f33305004495a9","hash":"ae8885fea1931dd7efbd2889d54dc27fa2337765"}
,"/home/administrator/Documentos/Projetos/ReactNativeProjects/z-test/zTechTest/src/scenes/ProductsListScreen.js": {"path":"/home/administrator/Documentos/Projetos/ReactNativeProjects/z-test/zTechTest/src/scenes/ProductsListScreen.js","statementMap":{"0":{"start":{"line":9,"column":28},"end":{"line":25,"column":1}},"1":{"start":{"line":27,"column":26},"end":{"line":61,"column":1}},"2":{"start":{"line":28,"column":24},"end":{"line":28,"column":36}},"3":{"start":{"line":30,"column":17},"end":{"line":34,"column":3}},"4":{"start":{"line":36,"column":35},"end":{"line":38,"column":4}},"5":{"start":{"line":40,"column":2},"end":{"line":42,"column":3}},"6":{"start":{"line":41,"column":4},"end":{"line":41,"column":38}},"7":{"start":{"line":43,"column":2},"end":{"line":45,"column":3}},"8":{"start":{"line":44,"column":4},"end":{"line":44,"column":54}},"9":{"start":{"line":47,"column":2},"end":{"line":60,"column":4}},"10":{"start":{"line":55,"column":34},"end":{"line":55,"column":57}},"11":{"start":{"line":65,"column":15},"end":{"line":79,"column":2}}},"fnMap":{"0":{"name":"(anonymous_0)","decl":{"start":{"line":27,"column":26},"end":{"line":27,"column":27}},"loc":{"start":{"line":27,"column":53},"end":{"line":61,"column":1}},"line":27},"1":{"name":"(anonymous_1)","decl":{"start":{"line":55,"column":20},"end":{"line":55,"column":21}},"loc":{"start":{"line":55,"column":34},"end":{"line":55,"column":57}},"line":55}},"branchMap":{"0":{"loc":{"start":{"line":40,"column":2},"end":{"line":42,"column":3}},"type":"if","locations":[{"start":{"line":40,"column":2},"end":{"line":42,"column":3}},{"start":{"line":40,"column":2},"end":{"line":42,"column":3}}],"line":40},"1":{"loc":{"start":{"line":43,"column":2},"end":{"line":45,"column":3}},"type":"if","locations":[{"start":{"line":43,"column":2},"end":{"line":45,"column":3}},{"start":{"line":43,"column":2},"end":{"line":45,"column":3}}],"line":43}},"s":{"0":1,"1":1,"2":1,"3":1,"4":1,"5":1,"6":0,"7":1,"8":0,"9":1,"10":1,"11":1},"f":{"0":1,"1":1},"b":{"0":[0,1],"1":[0,1]},"_coverageSchema":"1a1c01bbd47fc00a2c39e90264f33305004495a9","hash":"2f96ac213af10e9d26844d3ef8fc8d3431239939"}
,"/home/administrator/Documentos/Projetos/ReactNativeProjects/z-test/zTechTest/src/utils/helper.js": {"path":"/home/administrator/Documentos/Projetos/ReactNativeProjects/z-test/zTechTest/src/utils/helper.js","statementMap":{"0":{"start":{"line":2,"column":2},"end":{"line":6,"column":3}},"1":{"start":{"line":3,"column":17},"end":{"line":3,"column":45}},"2":{"start":{"line":4,"column":4},"end":{"line":4,"column":67}},"3":{"start":{"line":5,"column":4},"end":{"line":5,"column":28}},"4":{"start":{"line":7,"column":2},"end":{"line":7,"column":19}}},"fnMap":{"0":{"name":"numberToBLR","decl":{"start":{"line":1,"column":16},"end":{"line":1,"column":27}},"loc":{"start":{"line":1,"column":36},"end":{"line":8,"column":1}},"line":1}},"branchMap":{"0":{"loc":{"start":{"line":2,"column":2},"end":{"line":6,"column":3}},"type":"if","locations":[{"start":{"line":2,"column":2},"end":{"line":6,"column":3}},{"start":{"line":2,"column":2},"end":{"line":6,"column":3}}],"line":2}},"s":{"0":8,"1":5,"2":5,"3":5,"4":3},"f":{"0":8},"b":{"0":[5,3]},"_coverageSchema":"1a1c01bbd47fc00a2c39e90264f33305004495a9","hash":"dce2d742e00c37752dfe3bc9e40e090910fedc4a"}
,"/home/administrator/Documentos/Projetos/ReactNativeProjects/z-test/zTechTest/src/utils/maps-service.js": {"path":"/home/administrator/Documentos/Projetos/ReactNativeProjects/z-test/zTechTest/src/utils/maps-service.js","statementMap":{"0":{"start":{"line":1,"column":17},"end":{"line":1,"column":77}},"1":{"start":{"line":2,"column":16},"end":{"line":2,"column":62}},"2":{"start":{"line":4,"column":27},"end":{"line":12,"column":1}},"3":{"start":{"line":5,"column":2},"end":{"line":10,"column":3}},"4":{"start":{"line":6,"column":14},"end":{"line":6,"column":60}},"5":{"start":{"line":7,"column":19},"end":{"line":7,"column":35}},"6":{"start":{"line":8,"column":15},"end":{"line":8,"column":36}},"7":{"start":{"line":9,"column":4},"end":{"line":9,"column":61}},"8":{"start":{"line":11,"column":2},"end":{"line":11,"column":12}}},"fnMap":{"0":{"name":"(anonymous_0)","decl":{"start":{"line":4,"column":27},"end":{"line":4,"column":28}},"loc":{"start":{"line":4,"column":43},"end":{"line":12,"column":1}},"line":4}},"branchMap":{"0":{"loc":{"start":{"line":5,"column":2},"end":{"line":10,"column":3}},"type":"if","locations":[{"start":{"line":5,"column":2},"end":{"line":10,"column":3}},{"start":{"line":5,"column":2},"end":{"line":10,"column":3}}],"line":5}},"s":{"0":2,"1":2,"2":2,"3":2,"4":1,"5":1,"6":1,"7":1,"8":1},"f":{"0":2},"b":{"0":[1,1]},"_coverageSchema":"1a1c01bbd47fc00a2c39e90264f33305004495a9","hash":"76bb1d7d93bf90ac94626b00b7872463134f467f"}
}
