TN:
SF:src/components/Card.js
FN:14,(anonymous_0)
FN:15,(anonymous_1)
FN:24,(anonymous_2)
FN:32,(anonymous_3)
FN:37,(anonymous_4)
FN:54,(anonymous_5)
FN:61,(anonymous_6)
FNF:7
FNH:6
FNDA:4,(anonymous_0)
FNDA:4,(anonymous_1)
FNDA:0,(anonymous_2)
FNDA:1,(anonymous_3)
FNDA:1,(anonymous_4)
FNDA:1,(anonymous_5)
FNDA:1,(anonymous_6)
DA:14,2
DA:15,4
DA:16,4
DA:17,4
DA:24,0
DA:29,4
DA:30,4
DA:32,4
DA:33,1
DA:34,1
DA:37,4
DA:38,1
DA:39,0
DA:40,0
DA:44,4
DA:54,1
DA:61,1
DA:72,2
LF:18
LH:15
BRDA:20,0,0,0
BRDA:20,0,1,4
BRDA:38,1,0,0
BRDA:38,1,1,1
BRF:4
BRH:2
end_of_record
TN:
SF:src/components/Footer.js
FN:6,(anonymous_0)
FN:7,(anonymous_1)
FNF:2
FNH:1
FNDA:2,(anonymous_0)
FNDA:0,(anonymous_1)
DA:6,2
DA:7,2
DA:8,2
DA:17,2
LF:4
LH:4
BRF:0
BRH:0
end_of_record
TN:
SF:src/components/Header.js
FN:4,(anonymous_0)
FNF:1
FNH:1
FNDA:3,(anonymous_0)
DA:4,3
DA:5,3
DA:14,3
LF:3
LH:3
BRF:0
BRH:0
end_of_record
TN:
SF:src/redux/actions.js
FN:5,add
FN:12,remove
FN:19,cleanStore
FNF:3
FNH:3
FNDA:2,add
FNDA:1,remove
FNDA:1,cleanStore
DA:1,5
DA:2,5
DA:3,5
DA:6,2
DA:13,1
DA:20,1
LF:6
LH:6
BRF:0
BRH:0
end_of_record
TN:
SF:src/redux/reducers.js
FN:3,(anonymous_0)
FNF:1
FNH:1
FNDA:4,(anonymous_0)
DA:3,1
DA:4,4
DA:6,1
DA:9,1
DA:12,1
DA:15,1
LF:6
LH:6
BRDA:3,0,0,0
BRDA:4,1,0,1
BRDA:4,1,1,1
BRDA:4,1,2,1
BRDA:4,1,3,1
BRF:5
BRH:4
end_of_record
TN:
SF:src/scenes/HomeScreen.js
FN:31,(anonymous_0)
FN:36,handleSearch
FN:38,(anonymous_2)
FN:67,(anonymous_3)
FN:71,(anonymous_4)
FNF:5
FNH:1
FNDA:1,(anonymous_0)
FNDA:0,handleSearch
FNDA:0,(anonymous_2)
FNDA:0,(anonymous_3)
FNDA:0,(anonymous_4)
DA:18,1
DA:31,1
DA:32,1
DA:33,1
DA:34,1
DA:37,0
DA:38,0
DA:39,0
DA:49,0
DA:53,1
DA:54,0
DA:55,0
DA:58,1
DA:67,0
DA:71,0
DA:86,1
LF:16
LH:8
BRDA:37,0,0,0
BRDA:37,0,1,0
BRDA:53,1,0,0
BRDA:53,1,1,1
BRDA:74,2,0,0
BRDA:74,2,1,1
BRF:6
BRH:2
end_of_record
TN:
SF:src/scenes/ProductsListScreen.js
FN:27,(anonymous_0)
FN:55,(anonymous_1)
FNF:2
FNH:2
FNDA:1,(anonymous_0)
FNDA:1,(anonymous_1)
DA:9,1
DA:27,1
DA:28,1
DA:30,1
DA:36,1
DA:40,1
DA:41,0
DA:43,1
DA:44,0
DA:47,1
DA:55,1
DA:65,1
LF:12
LH:10
BRDA:40,0,0,0
BRDA:40,0,1,1
BRDA:43,1,0,0
BRDA:43,1,1,1
BRF:4
BRH:2
end_of_record
TN:
SF:src/utils/helper.js
FN:1,numberToBLR
FNF:1
FNH:1
FNDA:8,numberToBLR
DA:2,8
DA:3,5
DA:4,5
DA:5,5
DA:7,3
LF:5
LH:5
BRDA:2,0,0,5
BRDA:2,0,1,3
BRF:2
BRH:2
end_of_record
TN:
SF:src/utils/maps-service.js
FN:4,(anonymous_0)
FNF:1
FNH:1
FNDA:2,(anonymous_0)
DA:1,2
DA:2,2
DA:4,2
DA:5,2
DA:6,1
DA:7,1
DA:8,1
DA:9,1
DA:11,1
LF:9
LH:9
BRDA:5,0,0,1
BRDA:5,0,1,1
BRF:2
BRH:2
end_of_record
